<?xml version="1.0" encoding="UTF-8"?>
<!-- Generated by org.testng.reporters.JUnitReportReporter -->
<testsuite skipped="0" hostname="BDC4B-D-9XWK882" name="com.test.Newtest4" tests="1" failures="0" timestamp="27 Jul 2018 03:29:53 GMT" time="21.222" errors="0">
  <testcase name="trip" time="21.222" classname="com.test.Newtest4"/>
</testsuite> <!-- com.test.Newtest4 -->
