<?xml version="1.0" encoding="UTF-8"?>
<!-- Generated by org.testng.reporters.JUnitReportReporter -->
<testsuite skipped="0" hostname="BDC4B-D-9XWK882" name="com.test.NewTest" tests="3" failures="0" timestamp="26 Jul 2018 07:20:38 GMT" time="0.018" errors="0">
  <testcase name="f" time="0.015" classname="com.test.NewTest"/>
  <testcase name="n" time="0.002" classname="com.test.NewTest"/>
  <testcase name="k" time="0.001" classname="com.test.NewTest"/>
</testsuite> <!-- com.test.NewTest -->
