<?xml version="1.0" encoding="UTF-8"?>
<!-- Generated by org.testng.reporters.JUnitReportReporter -->
<testsuite skipped="0" hostname="BDC4B-D-9XWK882" name="com.test.Excel" tests="1" failures="0" timestamp="27 Jul 2018 04:45:04 GMT" time="0.572" errors="0">
  <testcase name="excel" time="0.572" classname="com.test.Excel"/>
</testsuite> <!-- com.test.Excel -->
