<?xml version="1.0" encoding="UTF-8"?>
<!-- Generated by org.testng.reporters.JUnitReportReporter -->
<testsuite skipped="0" hostname="BDC4B-D-9XWK882" name="com.test.NewTest7" tests="1" failures="0" timestamp="27 Jul 2018 07:08:00 GMT" time="41.859" errors="0">
  <testcase name="testLogin" time="41.859" classname="com.test.NewTest7"/>
</testsuite> <!-- com.test.NewTest7 -->
