<?xml version="1.0" encoding="UTF-8"?>
<!-- Generated by org.testng.reporters.JUnitReportReporter -->
<testsuite skipped="0" hostname="BDC4B-D-9XWK882" name="com.test.Newtest3" tests="1" failures="0" timestamp="26 Jul 2018 09:57:08 GMT" time="16.179" errors="0">
  <testcase name="hdfc" time="16.179" classname="com.test.Newtest3"/>
</testsuite> <!-- com.test.Newtest3 -->
