<?xml version="1.0" encoding="UTF-8"?>
<!-- Generated by org.testng.reporters.JUnitReportReporter -->
<testsuite skipped="0" hostname="BDC4B-D-9XWK882" name="com.test.Newtest2" tests="1" failures="0" timestamp="26 Jul 2018 07:44:59 GMT" time="13.698" errors="0">
  <testcase name="testMercurylogin" time="13.698" classname="com.test.Newtest2"/>
</testsuite> <!-- com.test.Newtest2 -->
